<?xml version="1.0" encoding="UTF-8"?>
<!-- Generated by org.testng.reporters.JUnitReportReporter -->
<testsuite skipped="0" hostname="hamedazizi" name="com.learnautomation.testCases.LoginTestCRM" tests="1" failures="0" timestamp="10 May 2019 13:24:46 GMT" time="6.193" errors="0">
  <testcase name="loginApp" time="6.193" classname="com.learnautomation.testCases.LoginTestCRM"/>
</testsuite> <!-- com.learnautomation.testCases.LoginTestCRM -->
