<?xml version="1.0" encoding="UTF-8"?>
<!-- Generated by org.testng.reporters.JUnitReportReporter -->
<testsuite skipped="0" hostname="hamedazizi" name="com.learnautomation.testCases.TestCaseWithoutFramwork" tests="1" failures="0" timestamp="06 May 2019 20:58:49 GMT" time="20.054" errors="0">
  <testcase name="test1" time="20.054" classname="com.learnautomation.testCases.TestCaseWithoutFramwork"/>
</testsuite> <!-- com.learnautomation.testCases.TestCaseWithoutFramwork -->
